<?xml version="1.0" encoding="UTF-8"?>
<!-- Generated by org.testng.reporters.JUnitXMLReporter -->
<testsuite ignored="1" hostname="DESKTOP-7L9P12D" failures="1" tests="1" name="ChromeTest" time="0.065" errors="0" timestamp="2025-03-17T10:42:19 IST">
  <testcase classname="testscript.AdminUsers" name="verifyUserisAbleToAddNewUserToTheList" time="0.0">
    <failure type="org.testng.TestNGException" message="
Cannot inject @Test annotated Method [verifyUserisAbleToAddNewUserToTheList] with [class java.lang.String, class java.lang.String].
For more information on native dependency injection please refer to https://testng.org/#_dependency_injection">
      <![CDATA[org.testng.TestNGException: 
Cannot inject @Test annotated Method [verifyUserisAbleToAddNewUserToTheList] with [class java.lang.String, class java.lang.String].
For more information on native dependency injection please refer to https://testng.org/#_dependency_injection
at java.base/java.util.ArrayList.forEach(ArrayList.java:1597)
... Removed 26 stack frames]]>
    </failure>
  </testcase> <!-- verifyUserisAbleToAddNewUserToTheList -->
  <testcase classname="testscript.AdminUsers" name="verifyUserIsAbleToDeletinTheIdFromTheList" time="0.0">
    <ignored/>
  </testcase> <!-- verifyUserIsAbleToDeletinTheIdFromTheList -->
</testsuite> <!-- ChromeTest -->
