<?xml version="1.0" encoding="UTF-8"?>
<testng-results ignored="0" total="3" passed="3" failed="0" skipped="0">
  <reporter-output>
  </reporter-output>
  <suite started-at="2025-03-20T14:18:51 IST" name="Suite" finished-at="2025-03-20T14:19:11 IST" duration-ms="19583">
    <groups>
    </groups>
    <test started-at="2025-03-20T14:18:51 IST" name="Test" finished-at="2025-03-20T14:19:11 IST" duration-ms="19583">
      <class name="testscript.AdminUserTest">
        <test-method is-config="true" signature="initializeBrowser(java.lang.String)[pri:0, instance:testscript.AdminUserTest@c33b74f]" started-at="2025-03-20T14:18:51 IST" name="initializeBrowser" finished-at="2025-03-20T14:18:55 IST" duration-ms="4001" status="PASS">
          <params>
            <param index="0">
              <value>
                <![CDATA[chrome]]>
              </value>
            </param>
          </params>
          <reporter-output>
          </reporter-output>
        </test-method> <!-- initializeBrowser -->
        <test-method signature="verifyWhetherUserIsAbleToAddNewUsersToUsersList()[pri:1, instance:testscript.AdminUserTest@c33b74f]" started-at="2025-03-20T14:18:55 IST" name="verifyWhetherUserIsAbleToAddNewUsersToUsersList" description="verification of user can enter new  admin users informations by clicking New button" finished-at="2025-03-20T14:19:01 IST" duration-ms="5538" status="PASS">
          <reporter-output>
          </reporter-output>
        </test-method> <!-- verifyWhetherUserIsAbleToAddNewUsersToUsersList -->
        <test-method is-config="true" signature="driverQuit(org.testng.ITestResult)[pri:0, instance:testscript.AdminUserTest@c33b74f]" started-at="2025-03-20T14:19:01 IST" name="driverQuit" finished-at="2025-03-20T14:19:01 IST" duration-ms="346" status="PASS">
          <params>
            <param index="0">
              <value>
                <![CDATA[[TestResult name=verifyWhetherUserIsAbleToAddNewUsersToUsersList status=SUCCESS method=AdminUserTest.verifyWhetherUserIsAbleToAddNewUsersToUsersList()[pri:1, instance:testscript.AdminUserTest@c33b74f] output={null}]]]>
              </value>
            </param>
          </params>
          <reporter-output>
          </reporter-output>
        </test-method> <!-- driverQuit -->
        <test-method is-config="true" signature="initializeBrowser(java.lang.String)[pri:0, instance:testscript.AdminUserTest@c33b74f]" started-at="2025-03-20T14:19:01 IST" name="initializeBrowser" finished-at="2025-03-20T14:19:03 IST" duration-ms="2256" status="PASS">
          <params>
            <param index="0">
              <value>
                <![CDATA[chrome]]>
              </value>
            </param>
          </params>
          <reporter-output>
          </reporter-output>
        </test-method> <!-- initializeBrowser -->
        <test-method signature="verifyWhetherUsersIsAbleToSearchNewlyAddedUsersInTheNewlyAddedUsersList()[pri:2, instance:testscript.AdminUserTest@c33b74f]" started-at="2025-03-20T14:19:03 IST" name="verifyWhetherUsersIsAbleToSearchNewlyAddedUsersInTheNewlyAddedUsersList" description="verification of user can search admin users in AdminUsers list by clicking Search button" finished-at="2025-03-20T14:19:06 IST" duration-ms="2503" status="PASS">
          <reporter-output>
          </reporter-output>
        </test-method> <!-- verifyWhetherUsersIsAbleToSearchNewlyAddedUsersInTheNewlyAddedUsersList -->
        <test-method is-config="true" signature="driverQuit(org.testng.ITestResult)[pri:0, instance:testscript.AdminUserTest@c33b74f]" started-at="2025-03-20T14:19:06 IST" name="driverQuit" finished-at="2025-03-20T14:19:06 IST" duration-ms="361" status="PASS">
          <params>
            <param index="0">
              <value>
                <![CDATA[[TestResult name=verifyWhetherUsersIsAbleToSearchNewlyAddedUsersInTheNewlyAddedUsersList status=SUCCESS method=AdminUserTest.verifyWhetherUsersIsAbleToSearchNewlyAddedUsersInTheNewlyAddedUsersList()[pri:2, instance:testscript.AdminUserTest@c33b74f] output={null}]]]>
              </value>
            </param>
          </params>
          <reporter-output>
          </reporter-output>
        </test-method> <!-- driverQuit -->
        <test-method is-config="true" signature="initializeBrowser(java.lang.String)[pri:0, instance:testscript.AdminUserTest@c33b74f]" started-at="2025-03-20T14:19:06 IST" name="initializeBrowser" finished-at="2025-03-20T14:19:08 IST" duration-ms="1896" status="PASS">
          <params>
            <param index="0">
              <value>
                <![CDATA[chrome]]>
              </value>
            </param>
          </params>
          <reporter-output>
          </reporter-output>
        </test-method> <!-- initializeBrowser -->
        <test-method signature="verifyUsersIsAbleToRefreshNewlyAddedUsersPageUsingResetButton()[pri:3, instance:testscript.AdminUserTest@c33b74f]" started-at="2025-03-20T14:19:08 IST" name="verifyUsersIsAbleToRefreshNewlyAddedUsersPageUsingResetButton" description="verification of user can refresh AdminUsers page by clicking Reset button" finished-at="2025-03-20T14:19:10 IST" duration-ms="2258" status="PASS">
          <reporter-output>
          </reporter-output>
        </test-method> <!-- verifyUsersIsAbleToRefreshNewlyAddedUsersPageUsingResetButton -->
        <test-method is-config="true" signature="driverQuit(org.testng.ITestResult)[pri:0, instance:testscript.AdminUserTest@c33b74f]" started-at="2025-03-20T14:19:10 IST" name="driverQuit" finished-at="2025-03-20T14:19:11 IST" duration-ms="360" status="PASS">
          <params>
            <param index="0">
              <value>
                <![CDATA[[TestResult name=verifyUsersIsAbleToRefreshNewlyAddedUsersPageUsingResetButton status=SUCCESS method=AdminUserTest.verifyUsersIsAbleToRefreshNewlyAddedUsersPageUsingResetButton()[pri:3, instance:testscript.AdminUserTest@c33b74f] output={null}]]]>
              </value>
            </param>
          </params>
          <reporter-output>
          </reporter-output>
        </test-method> <!-- driverQuit -->
      </class> <!-- testscript.AdminUserTest -->
    </test> <!-- Test -->
  </suite> <!-- Suite -->
</testng-results>
