<?xml version="1.0" encoding="UTF-8"?>
<!-- Generated by org.testng.reporters.JUnitXMLReporter -->
<testsuite ignored="0" hostname="DESKTOP-7L9P12D" failures="0" tests="3" name="Test" time="19.583" errors="0" timestamp="2025-03-20T14:19:11 IST">
  <testcase classname="testscript.AdminUserTest" name="verifyWhetherUserIsAbleToAddNewUsersToUsersList" time="5.538"/>
  <testcase classname="testscript.AdminUserTest" name="verifyWhetherUsersIsAbleToSearchNewlyAddedUsersInTheNewlyAddedUsersList" time="2.503"/>
  <testcase classname="testscript.AdminUserTest" name="verifyUsersIsAbleToRefreshNewlyAddedUsersPageUsingResetButton" time="2.258"/>
</testsuite> <!-- Test -->
